{"/Users/fabianarellanosuarez/Proyectos/node/primos-number/index.ts": {"path":"/Users/fabianarellanosuarez/Proyectos/node/primos-number/index.ts","statementMap":{"0":{"start":{"line":1,"column":0},"end":{"line":1,"column":53}},"1":{"start":{"line":2,"column":0},"end":{"line":2,"column":null}},"2":{"start":{"line":5,"column":0},"end":{"line":5,"column":33}},"3":{"start":{"line":7,"column":12},"end":{"line":7,"column":21}},"4":{"start":{"line":8,"column":13},"end":{"line":8,"column":17}},"5":{"start":{"line":10,"column":27},"end":{"line":35,"column":1}},"6":{"start":{"line":12,"column":27},"end":{"line":12,"column":40}},"7":{"start":{"line":14,"column":4},"end":{"line":34,"column":null}},"8":{"start":{"line":15,"column":8},"end":{"line":17,"column":13}},"9":{"start":{"line":19,"column":16},"end":{"line":19,"column":22}},"10":{"start":{"line":21,"column":8},"end":{"line":25,"column":null}},"11":{"start":{"line":22,"column":12},"end":{"line":24,"column":17}},"12":{"start":{"line":26,"column":35},"end":{"line":26,"column":37}},"13":{"start":{"line":27,"column":8},"end":{"line":31,"column":null}},"14":{"start":{"line":27,"column":20},"end":{"line":27,"column":21}},"15":{"start":{"line":28,"column":12},"end":{"line":30,"column":null}},"16":{"start":{"line":29,"column":16},"end":{"line":29,"column":45}},"17":{"start":{"line":32,"column":8},"end":{"line":32,"column":37}},"18":{"start":{"line":33,"column":8},"end":{"line":33,"column":72}},"19":{"start":{"line":37,"column":0},"end":{"line":37,"column":46}},"20":{"start":{"line":39,"column":0},"end":{"line":41,"column":3}},"21":{"start":{"line":40,"column":2},"end":{"line":40,"column":71}},"22":{"start":{"line":43,"column":0},"end":{"line":43,"column":21}}},"fnMap":{"0":{"name":"(anonymous_1)","decl":{"start":{"line":10,"column":27},"end":{"line":10,"column":28}},"loc":{"start":{"line":10,"column":69},"end":{"line":35,"column":1}}},"1":{"name":"(anonymous_2)","decl":{"start":{"line":39,"column":17},"end":{"line":39,"column":20}},"loc":{"start":{"line":39,"column":22},"end":{"line":41,"column":1}}}},"branchMap":{"0":{"loc":{"start":{"line":14,"column":4},"end":{"line":34,"column":null}},"type":"if","locations":[{"start":{"line":14,"column":4},"end":{"line":34,"column":null}},{"start":{"line":18,"column":10},"end":{"line":34,"column":null}}]},"1":{"loc":{"start":{"line":21,"column":8},"end":{"line":25,"column":null}},"type":"if","locations":[{"start":{"line":21,"column":8},"end":{"line":25,"column":null}}]},"2":{"loc":{"start":{"line":28,"column":12},"end":{"line":30,"column":null}},"type":"if","locations":[{"start":{"line":28,"column":12},"end":{"line":30,"column":null}}]}},"s":{"0":1,"1":1,"2":1,"3":1,"4":1,"5":1,"6":2,"7":2,"8":1,"9":1,"10":1,"11":0,"12":1,"13":1,"14":1,"15":8,"16":4,"17":1,"18":1,"19":1,"20":1,"21":1,"22":1},"f":{"0":2,"1":1},"b":{"0":[1,1],"1":[0],"2":[4]}}
}
